[2020-07-21 16:00:07.734] 2020-07-21 16:00:07,734 [pool-2-thread-1] INFO  cn.pconline.pcdlc.spider.util.CACFileUtils - 写入文件耗时：113毫秒
[2020-07-21 16:00:07.734] 2020-07-21 16:00:07,734 [pool-2-thread-1] INFO  cn.pconline.pcdlc.spider.service.CACInteractService - ## buildJsonFile: 已处理的App总数:424000
[2020-07-21 16:00:43.587] 2020-07-21 16:00:43,587 [pool-2-thread-3] INFO  cn.pconline.pcdlc.spider.util.CACFileUtils - 写入文件耗时：120毫秒
[2020-07-21 16:00:43.587] 2020-07-21 16:00:43,587 [pool-2-thread-3] INFO  cn.pconline.pcdlc.spider.service.CACInteractService - ## buildJsonFile: 已处理的App总数:425000
[2020-07-21 16:01:00.088] 2020-07-21 16:01:00,088 [pool-2-thread-4] INFO  cn.pconline.pcdlc.spider.util.CACFileUtils - 写入文件耗时：156毫秒
[2020-07-21 16:01:00.088] 2020-07-21 16:01:00,088 [pool-2-thread-4] INFO  cn.pconline.pcdlc.spider.service.CACInteractService - ## buildJsonFile: 已处理的App总数:426000
[2020-07-21 16:01:39.551] 2020-07-21 16:01:39,551 [pool-2-thread-2] INFO  cn.pconline.pcdlc.spider.util.CACFileUtils - 写入文件耗时：72毫秒
[2020-07-21 16:01:39.552] 2020-07-21 16:01:39,552 [pool-2-thread-2] INFO  cn.pconline.pcdlc.spider.service.CACInteractService - ## buildJsonFile: 已处理的App总数:427000
[2020-07-21 16:01:47.280] 2020-07-21 16:01:47,280 [pool-2-thread-5] INFO  cn.pconline.pcdlc.spider.util.CACFileUtils - 写入文件耗时：98毫秒
[2020-07-21 16:01:47.280] 2020-07-21 16:01:47,280 [pool-2-thread-5] INFO  cn.pconline.pcdlc.spider.service.CACInteractService - ## buildJsonFile: 已处理的App总数:428000
[2020-07-21 16:01:50.578] 2020-07-21 16:01:50,577 [pool-2-thread-4] ERROR cn.pconline.pcdlc.spider.service.CACInteractService - ## 软件的logo编码出错, masterId:2694827 appName:消灭冰块
[2020-07-21 16:01:50.578] 2020-07-21 16:01:50,578 [pool-2-thread-4] ERROR cn.pconline.pcdlc.spider.service.CACInteractService - ## 软件的logo:http://img.pconline.com.cn/images/upload/upc/tx/pcdlc/1912/02/c16/182563313_182563313_1575278351653.jpg
[2020-07-21 16:01:56.886] 2020-07-21 16:01:56,886 [pool-2-thread-1] INFO  cn.pconline.pcdlc.spider.util.CACFileUtils - 写入文件耗时：114毫秒
[2020-07-21 16:01:56.886] 2020-07-21 16:01:56,886 [pool-2-thread-1] INFO  cn.pconline.pcdlc.spider.service.CACInteractService - ## buildJsonFile: 已处理的App总数:429000
[2020-07-21 16:02:29.920] 2020-07-21 16:02:29,920 [pool-2-thread-3] INFO  cn.pconline.pcdlc.spider.util.CACFileUtils - 写入文件耗时：100毫秒
[2020-07-21 16:02:29.921] 2020-07-21 16:02:29,921 [pool-2-thread-3] INFO  cn.pconline.pcdlc.spider.service.CACInteractService - ## buildJsonFile: 已处理的App总数:430000
[2020-07-21 16:02:53.821] 2020-07-21 16:02:53,821 [pool-2-thread-4] INFO  cn.pconline.pcdlc.spider.util.CACFileUtils - 写入文件耗时：76毫秒
[2020-07-21 16:02:53.821] 2020-07-21 16:02:53,821 [pool-2-thread-4] INFO  cn.pconline.pcdlc.spider.service.CACInteractService - ## buildJsonFile: 已处理的App总数:431000
[2020-07-21 16:03:29.344] 2020-07-21 16:03:29,343 [pool-2-thread-5] INFO  cn.pconline.pcdlc.spider.util.CACFileUtils - 写入文件耗时：91毫秒
[2020-07-21 16:03:29.344] 2020-07-21 16:03:29,344 [pool-2-thread-5] INFO  cn.pconline.pcdlc.spider.service.CACInteractService - ## buildJsonFile: 已处理的App总数:433000
[2020-07-21 16:03:33.588] 2020-07-21 16:03:33,588 [pool-2-thread-2] INFO  cn.pconline.pcdlc.spider.util.CACFileUtils - 写入文件耗时：77毫秒
[2020-07-21 16:03:33.588] 2020-07-21 16:03:33,588 [pool-2-thread-2] INFO  cn.pconline.pcdlc.spider.service.CACInteractService - ## buildJsonFile: 已处理的App总数:432000
[2020-07-21 16:03:41.205] 2020-07-21 16:03:41,205 [pool-2-thread-1] INFO  cn.pconline.pcdlc.spider.util.CACFileUtils - 写入文件耗时：73毫秒
[2020-07-21 16:03:41.205] 2020-07-21 16:03:41,205 [pool-2-thread-1] INFO  cn.pconline.pcdlc.spider.service.CACInteractService - ## buildJsonFile: 已处理的App总数:434000
[2020-07-21 16:03:44.324] 2020-07-21 16:03:44,324 [pool-2-thread-1] ERROR com.alibaba.druid.filter.stat.StatFilter - slow sql 3118 millis.  SELECT fm.dl_master_id FROM dl_master_info mi, dl_front_master fm WHERE  fm.dl_master_id=mi.dl_master_id   AND fm.dl_channel_id = 1481 AND fm.`status` = 1  AND fm.skip_top = 0  AND mi.closed = 0   ORDER BY fm.dl_master_id   LIMIT 438000,1000[]
[2020-07-21 16:04:20.745] 2020-07-21 16:04:20,745 [pool-2-thread-3] INFO  cn.pconline.pcdlc.spider.util.CACFileUtils - 写入文件耗时：54毫秒
[2020-07-21 16:04:20.745] 2020-07-21 16:04:20,745 [pool-2-thread-3] INFO  cn.pconline.pcdlc.spider.service.CACInteractService - ## buildJsonFile: 已处理的App总数:435000
[2020-07-21 16:04:48.296] 2020-07-21 16:04:48,296 [pool-2-thread-4] INFO  cn.pconline.pcdlc.spider.util.CACFileUtils - 写入文件耗时：71毫秒
[2020-07-21 16:04:48.296] 2020-07-21 16:04:48,296 [pool-2-thread-4] INFO  cn.pconline.pcdlc.spider.service.CACInteractService - ## buildJsonFile: 已处理的App总数:436000
[2020-07-21 16:05:09.471] 2020-07-21 16:05:09,471 [pool-2-thread-4] ERROR cn.pconline.pcdlc.spider.service.CACInteractService - ## 软件的logo编码出错, masterId:2740503 appName:好乐多美食菜谱
[2020-07-21 16:05:09.471] 2020-07-21 16:05:09,471 [pool-2-thread-4] ERROR cn.pconline.pcdlc.spider.service.CACInteractService - ## 软件的logo:http://img.pconline.com.cn/images/upload/upc/tx/pcdlc/2004/01/c1/200343581_1585698351736.png
[2020-07-21 16:05:16.600] 2020-07-21 16:05:16,600 [pool-2-thread-5] INFO  cn.pconline.pcdlc.spider.util.CACFileUtils - 写入文件耗时：100毫秒
[2020-07-21 16:05:16.600] 2020-07-21 16:05:16,600 [pool-2-thread-5] INFO  cn.pconline.pcdlc.spider.service.CACInteractService - ## buildJsonFile: 已处理的App总数:437000
[2020-07-21 16:05:23.301] 2020-07-21 16:05:23,301 [pool-2-thread-5] ERROR com.alibaba.druid.filter.stat.StatFilter - slow sql 6700 millis.  SELECT fm.dl_master_id FROM dl_master_info mi, dl_front_master fm WHERE  fm.dl_master_id=mi.dl_master_id   AND fm.dl_channel_id = 1481 AND fm.`status` = 1  AND fm.skip_top = 0  AND mi.closed = 0   ORDER BY fm.dl_master_id   LIMIT 441000,1000[]
[2020-07-21 16:05:23.820] 2020-07-21 16:05:23,820 [pool-2-thread-3] ERROR cn.pconline.pcdlc.spider.service.CACInteractService - ## 软件的logo编码出错, masterId:2737568 appName:公主舞会化妆沙龙
[2020-07-21 16:05:23.820] 2020-07-21 16:05:23,820 [pool-2-thread-3] ERROR cn.pconline.pcdlc.spider.service.CACInteractService - ## 软件的logo:http://img.pconline.com.cn/images/upload/upc/tx/pcdlc/2004/15/c10/203053057_1586910893698.png
[2020-07-21 16:05:24.928] 2020-07-21 16:05:24,928 [pool-2-thread-2] INFO  cn.pconline.pcdlc.spider.util.CACFileUtils - 写入文件耗时：70毫秒
[2020-07-21 16:05:24.928] 2020-07-21 16:05:24,928 [pool-2-thread-2] INFO  cn.pconline.pcdlc.spider.service.CACInteractService - ## buildJsonFile: 已处理的App总数:438000
[2020-07-21 16:05:30.041] 2020-07-21 16:05:30,041 [pool-2-thread-2] ERROR com.alibaba.druid.filter.stat.StatFilter - slow sql 5111 millis.  SELECT fm.dl_master_id FROM dl_master_info mi, dl_front_master fm WHERE  fm.dl_master_id=mi.dl_master_id   AND fm.dl_channel_id = 1481 AND fm.`status` = 1  AND fm.skip_top = 0  AND mi.closed = 0   ORDER BY fm.dl_master_id   LIMIT 442000,1000[]
[2020-07-21 16:05:36.164] 2020-07-21 16:05:36,164 [pool-2-thread-5] ERROR cn.pconline.pcdlc.spider.service.CACInteractService - ## 软件的logo编码出错, masterId:2745302 appName:垃圾桶飞刀大作战
[2020-07-21 16:05:36.164] 2020-07-21 16:05:36,164 [pool-2-thread-5] ERROR cn.pconline.pcdlc.spider.service.CACInteractService - ## 软件的logo:http://img.pconline.com.cn/images/upload/upc/tx/pcdlc/2004/14/c9/202875410_1586821624843.png
[2020-07-21 16:05:39.627] 2020-07-21 16:05:39,627 [pool-2-thread-3] ERROR cn.pconline.pcdlc.spider.service.CACInteractService - ## 软件的logo编码出错, masterId:2737599 appName:校康教师端
[2020-07-21 16:05:39.627] 2020-07-21 16:05:39,627 [pool-2-thread-3] ERROR cn.pconline.pcdlc.spider.service.CACInteractService - ## 软件的logo:http://img.pconline.com.cn/images/upload/upc/tx/pcdlc/2003/27/c7/199443982_1585270065385.jpg
[2020-07-21 16:05:48.032] 2020-07-21 16:05:48,032 [pool-2-thread-4] ERROR cn.pconline.pcdlc.spider.service.CACInteractService - ## 软件的logo编码出错, masterId:2740693 appName:芭比公主服装设计师
[2020-07-21 16:05:48.032] 2020-07-21 16:05:48,032 [pool-2-thread-4] ERROR cn.pconline.pcdlc.spider.service.CACInteractService - ## 软件的logo:http://img.pconline.com.cn/images/upload/upc/tx/pcdlc/2004/02/c7/200569797_1585787844231.png
[2020-07-21 16:05:48.277] 2020-07-21 16:05:48,277 [pool-2-thread-1] INFO  cn.pconline.pcdlc.spider.util.CACFileUtils - 写入文件耗时：96毫秒
[2020-07-21 16:05:48.277] 2020-07-21 16:05:48,277 [pool-2-thread-1] INFO  cn.pconline.pcdlc.spider.service.CACInteractService - ## buildJsonFile: 已处理的App总数:439000
[2020-07-21 16:05:51.051] 2020-07-21 16:05:51,051 [pool-2-thread-3] ERROR cn.pconline.pcdlc.spider.service.CACInteractService - ## 软件的logo编码出错, masterId:2737611 appName:快乐过新年
[2020-07-21 16:05:51.051] 2020-07-21 16:05:51,051 [pool-2-thread-3] ERROR cn.pconline.pcdlc.spider.service.CACInteractService - ## 软件的logo:http://img.pconline.com.cn/images/upload/upc/tx/pcdlc/2003/27/c6/199438948_1585269045921.png
[2020-07-21 16:05:51.299] 2020-07-21 16:05:51,299 [pool-2-thread-1] ERROR com.alibaba.druid.filter.stat.StatFilter - slow sql 3021 millis.  SELECT fm.dl_master_id FROM dl_master_info mi, dl_front_master fm WHERE  fm.dl_master_id=mi.dl_master_id   AND fm.dl_channel_id = 1481 AND fm.`status` = 1  AND fm.skip_top = 0  AND mi.closed = 0   ORDER BY fm.dl_master_id   LIMIT 443000,1000[]
[2020-07-21 16:05:55.656] 2020-07-21 16:05:55,656 [pool-2-thread-5] ERROR cn.pconline.pcdlc.spider.service.CACInteractService - ## 软件的logo编码出错, masterId:2745355 appName:小学英语同步点读与练习
[2020-07-21 16:05:55.656] 2020-07-21 16:05:55,656 [pool-2-thread-5] ERROR cn.pconline.pcdlc.spider.service.CACInteractService - ## 软件的logo:http://img.pconline.com.cn/images/upload/upc/tx/pcdlc/2004/14/c6/202868817_1586817105788.png
[2020-07-21 16:06:01.199] 2020-07-21 16:06:01,199 [pool-2-thread-2] ERROR cn.pconline.pcdlc.spider.service.CACInteractService - ## 软件的logo编码出错, masterId:2747162 appName:金鼠生大钱
[2020-07-21 16:06:01.199] 2020-07-21 16:06:01,199 [pool-2-thread-2] ERROR cn.pconline.pcdlc.spider.service.CACInteractService - ## 软件的logo:http://img.pconline.com.cn/images/upload/upc/tx/pcdlc/2004/04/c5/200994813_1585956934686.png
[2020-07-21 16:06:03.549] 2020-07-21 16:06:03,549 [pool-2-thread-4] ERROR cn.pconline.pcdlc.spider.service.CACInteractService - ## 软件的logo编码出错, masterId:2740729 appName:猜歌王者
[2020-07-21 16:06:03.549] 2020-07-21 16:06:03,549 [pool-2-thread-4] ERROR cn.pconline.pcdlc.spider.service.CACInteractService - ## 软件的logo:http://img.pconline.com.cn/images/upload/upc/tx/pcdlc/2004/02/c5/200553325_1585782935026.png
[2020-07-21 16:06:05.166] 2020-07-21 16:06:05,166 [pool-2-thread-3] ERROR cn.pconline.pcdlc.spider.service.CACInteractService - ## 软件的logo编码出错, masterId:2737636 appName:二维码世界
[2020-07-21 16:06:05.166] 2020-07-21 16:06:05,166 [pool-2-thread-3] ERROR cn.pconline.pcdlc.spider.service.CACInteractService - ## 软件的logo:http://img.pconline.com.cn/images/upload/upc/tx/pcdlc/2003/27/c5/199431634_1585266854602.png
[2020-07-21 16:06:05.679] 2020-07-21 16:06:05,679 [pool-2-thread-5] ERROR cn.pconline.pcdlc.spider.service.CACInteractService - ## 软件的logo编码出错, masterId:2745356 appName:马经论坛
[2020-07-21 16:06:05.679] 2020-07-21 16:06:05,679 [pool-2-thread-5] ERROR cn.pconline.pcdlc.spider.service.CACInteractService - ## 软件的logo:http://img.pconline.com.cn/images/upload/upc/tx/pcdlc/2004/14/c6/202868781_1586817073306.png
[2020-07-21 16:06:15.569] 2020-07-21 16:06:15,569 [pool-2-thread-3] ERROR cn.pconline.pcdlc.spider.service.CACInteractService - ## 软件的logo编码出错, masterId:2737638 appName:宝宝奇妙游乐园
[2020-07-21 16:06:15.569] 2020-07-21 16:06:15,569 [pool-2-thread-3] ERROR cn.pconline.pcdlc.spider.service.CACInteractService - ## 软件的logo:http://img.pconline.com.cn/images/upload/upc/tx/pcdlc/2003/27/c5/199431246_1585266771285.png
[2020-07-21 16:06:19.481] 2020-07-21 16:06:19,481 [pool-2-thread-4] ERROR cn.pconline.pcdlc.spider.service.CACInteractService - ## 软件的logo编码出错, masterId:2740765 appName:美人鱼公主派对大变装
[2020-07-21 16:06:19.481] 2020-07-21 16:06:19,481 [pool-2-thread-4] ERROR cn.pconline.pcdlc.spider.service.CACInteractService - ## 软件的logo:http://img.pconline.com.cn/images/upload/upc/tx/pcdlc/2003/31/c3/200119889_1585608120783.png
[2020-07-21 16:06:19.983] 2020-07-21 16:06:19,983 [pool-2-thread-2] ERROR cn.pconline.pcdlc.spider.service.CACInteractService - ## 软件的logo编码出错, masterId:2747231 appName:屋当派
[2020-07-21 16:06:19.983] 2020-07-21 16:06:19,983 [pool-2-thread-2] ERROR cn.pconline.pcdlc.spider.service.CACInteractService - ## 软件的logo:http://img.pconline.com.cn/images/upload/upc/tx/pcdlc/2003/30/c7/199925705_1585526745478.png
[2020-07-21 16:06:31.219] 2020-07-21 16:06:31,217 [pool-2-thread-3] ERROR cn.pconline.pcdlc.spider.service.CACInteractService - ## 软件的logo编码出错, masterId:2737673 appName:海晟旅汽
[2020-07-21 16:06:31.219] 2020-07-21 16:06:31,219 [pool-2-thread-3] ERROR cn.pconline.pcdlc.spider.service.CACInteractService - ## 软件的logo:http://img.pconline.com.cn/images/upload/upc/tx/pcdlc/2003/27/c4/199426596_1585264326030.png
[2020-07-21 16:06:34.534] 2020-07-21 16:06:34,534 [pool-2-thread-2] ERROR cn.pconline.pcdlc.spider.service.CACInteractService - ## 软件的logo编码出错, masterId:2747264 appName:芭比公主设计时尚雨靴
[2020-07-21 16:06:34.534] 2020-07-21 16:06:34,534 [pool-2-thread-2] ERROR cn.pconline.pcdlc.spider.service.CACInteractService - ## 软件的logo:http://img.pconline.com.cn/images/upload/upc/tx/pcdlc/2003/25/c7/199071338_1585100850465.png
[2020-07-21 16:06:35.008] 2020-07-21 16:06:35,008 [pool-2-thread-4] ERROR cn.pconline.pcdlc.spider.service.CACInteractService - ## 软件的logo编码出错, masterId:2741126 appName:谎言探测器乐趣恶作剧
[2020-07-21 16:06:35.008] 2020-07-21 16:06:35,008 [pool-2-thread-4] ERROR cn.pconline.pcdlc.spider.service.CACInteractService - ## 软件的logo:http://img.pconline.com.cn/images/upload/upc/tx/pcdlc/2004/02/c9/200591197_1585792551227.png
[2020-07-21 16:06:45.087] 2020-07-21 16:06:45,087 [pool-2-thread-4] ERROR cn.pconline.pcdlc.spider.service.CACInteractService - ## 软件的logo编码出错, masterId:2741224 appName:学习如何在鞋上系鞋带
[2020-07-21 16:06:45.087] 2020-07-21 16:06:45,087 [pool-2-thread-4] ERROR cn.pconline.pcdlc.spider.service.CACInteractService - ## 软件的logo:http://img.pconline.com.cn/images/upload/upc/tx/pcdlc/2004/03/c6/200787612_1585874297194.jpg
[2020-07-21 16:06:46.153] 2020-07-21 16:06:46,153 [pool-2-thread-3] ERROR cn.pconline.pcdlc.spider.service.CACInteractService - ## 软件的logo编码出错, masterId:2737697 appName:美丽的公主房
[2020-07-21 16:06:46.153] 2020-07-21 16:06:46,153 [pool-2-thread-3] ERROR cn.pconline.pcdlc.spider.service.CACInteractService - ## 软件的logo:http://img.pconline.com.cn/images/upload/upc/tx/pcdlc/2003/27/c2/199423922_1585261528904.png
[2020-07-21 16:06:49.798] 2020-07-21 16:06:49,798 [pool-2-thread-5] ERROR cn.pconline.pcdlc.spider.service.CACInteractService - ## 软件的logo编码出错, masterId:2745568 appName:龙发快装施工
[2020-07-21 16:06:49.798] 2020-07-21 16:06:49,798 [pool-2-thread-5] ERROR cn.pconline.pcdlc.spider.service.CACInteractService - ## 软件的logo:http://img.pconline.com.cn/images/upload/upc/tx/pcdlc/2004/11/c10/202388496_1586564809415.jpg
[2020-07-21 16:07:00.744] 2020-07-21 16:07:00,743 [pool-2-thread-4] ERROR cn.pconline.pcdlc.spider.service.CACInteractService - ## 软件的logo编码出错, masterId:2741261 appName:闪光闪烁
[2020-07-21 16:07:00.744] 2020-07-21 16:07:00,744 [pool-2-thread-4] ERROR cn.pconline.pcdlc.spider.service.CACInteractService - ## 软件的logo:http://img.pconline.com.cn/images/upload/upc/tx/pcdlc/2004/03/c4/200770801_1585869718299.png
[2020-07-21 16:07:05.954] 2020-07-21 16:07:05,954 [pool-2-thread-3] ERROR cn.pconline.pcdlc.spider.service.CACInteractService - ## 软件的logo编码出错, masterId:2737754 appName:精巧绘图本
[2020-07-21 16:07:05.954] 2020-07-21 16:07:05,954 [pool-2-thread-3] ERROR cn.pconline.pcdlc.spider.service.CACInteractService - ## 软件的logo:http://img.pconline.com.cn/images/upload/upc/tx/pcdlc/2003/26/c5/199237357_1585177968799.png
[2020-07-21 16:07:11.116] 2020-07-21 16:07:11,116 [pool-2-thread-4] ERROR cn.pconline.pcdlc.spider.service.CACInteractService - ## 软件的logo编码出错, masterId:2741265 appName:农场开心派对
[2020-07-21 16:07:11.116] 2020-07-21 16:07:11,116 [pool-2-thread-4] ERROR cn.pconline.pcdlc.spider.service.CACInteractService - ## 软件的logo:http://img.pconline.com.cn/images/upload/upc/tx/pcdlc/2004/03/c3/200770048_1585869496128.png
[2020-07-21 16:07:21.928] 2020-07-21 16:07:21,928 [pool-2-thread-5] ERROR cn.pconline.pcdlc.spider.service.CACInteractService - ## 软件的logo编码出错, masterId:2745744 appName:芭比公主生宝宝
[2020-07-21 16:07:21.928] 2020-07-21 16:07:21,928 [pool-2-thread-5] ERROR cn.pconline.pcdlc.spider.service.CACInteractService - ## 软件的logo:http://img.pconline.com.cn/images/upload/upc/tx/pcdlc/2004/09/c9/202025414_1586391651288.png
[2020-07-21 16:07:22.945] 2020-07-21 16:07:22,944 [pool-2-thread-3] ERROR cn.pconline.pcdlc.spider.service.CACInteractService - ## 软件的logo编码出错, masterId:2737804 appName:保持女孩房子清理
[2020-07-21 16:07:22.945] 2020-07-21 16:07:22,945 [pool-2-thread-3] ERROR cn.pconline.pcdlc.spider.service.CACInteractService - ## 软件的logo:http://img.pconline.com.cn/images/upload/upc/tx/pcdlc/2003/25/c6/199061149_1585098488904.png
[2020-07-21 16:07:23.338] 2020-07-21 16:07:23,338 [pool-2-thread-4] ERROR cn.pconline.pcdlc.spider.service.CACInteractService - ## 软件的logo编码出错, masterId:2741278 appName:海洋英雄
[2020-07-21 16:07:23.338] 2020-07-21 16:07:23,338 [pool-2-thread-4] ERROR cn.pconline.pcdlc.spider.service.CACInteractService - ## 软件的logo:http://img.pconline.com.cn/images/upload/upc/tx/pcdlc/2004/03/c3/200766685_1585867605413.png
[2020-07-21 16:07:31.947] 2020-07-21 16:07:31,947 [pool-2-thread-5] ERROR cn.pconline.pcdlc.spider.service.CACInteractService - ## 软件的logo编码出错, masterId:2745745 appName:乾IF食V
[2020-07-21 16:07:31.947] 2020-07-21 16:07:31,947 [pool-2-thread-5] ERROR cn.pconline.pcdlc.spider.service.CACInteractService - ## 软件的logo:http://img.pconline.com.cn/images/upload/upc/tx/pcdlc/2004/09/c8/202024529_1586391623319.png
[2020-07-21 16:07:33.676] 2020-07-21 16:07:33,676 [pool-2-thread-4] ERROR cn.pconline.pcdlc.spider.service.CACInteractService - ## 软件的logo编码出错, masterId:2741283 appName:美味甜甜圈
[2020-07-21 16:07:33.676] 2020-07-21 16:07:33,676 [pool-2-thread-4] ERROR cn.pconline.pcdlc.spider.service.CACInteractService - ## 软件的logo:http://img.pconline.com.cn/images/upload/upc/tx/pcdlc/2004/14/c5/202868465_1586816667596.png
[2020-07-21 16:07:33.801] 2020-07-21 16:07:33,801 [pool-2-thread-3] ERROR cn.pconline.pcdlc.spider.service.CACInteractService - ## 软件的logo编码出错, masterId:2737814 appName:天生我材
[2020-07-21 16:07:33.801] 2020-07-21 16:07:33,801 [pool-2-thread-3] ERROR cn.pconline.pcdlc.spider.service.CACInteractService - ## 软件的logo:http://img.pconline.com.cn/images/upload/upc/tx/pcdlc/2003/25/c6/199056330_1585097531434.png
[2020-07-21 16:07:41.105] 2020-07-21 16:07:41,105 [pool-2-thread-1] INFO  cn.pconline.pcdlc.spider.util.CACFileUtils - 写入文件耗时：122毫秒
[2020-07-21 16:07:41.105] 2020-07-21 16:07:41,105 [pool-2-thread-1] INFO  cn.pconline.pcdlc.spider.service.CACInteractService - ## buildJsonFile: 已处理的App总数:444000
[2020-07-21 16:07:44.227] 2020-07-21 16:07:44,227 [pool-2-thread-3] ERROR cn.pconline.pcdlc.spider.service.CACInteractService - ## 软件的logo编码出错, masterId:2737822 appName:黄金期货报
[2020-07-21 16:07:44.227] 2020-07-21 16:07:44,227 [pool-2-thread-3] ERROR cn.pconline.pcdlc.spider.service.CACInteractService - ## 软件的logo:http://img.pconline.com.cn/images/upload/upc/tx/pcdlc/2003/25/c6/199052458_1585096900111.png
[2020-07-21 16:07:52.259] 2020-07-21 16:07:52,259 [pool-2-thread-4] ERROR cn.pconline.pcdlc.spider.service.CACInteractService - ## 软件的logo编码出错, masterId:2741492 appName:爱心日历
[2020-07-21 16:07:52.259] 2020-07-21 16:07:52,259 [pool-2-thread-4] ERROR cn.pconline.pcdlc.spider.service.CACInteractService - ## 软件的logo:http://img.pconline.com.cn/images/upload/upc/tx/pcdlc/2004/04/c10/201024049_1585964531171.png
[2020-07-21 16:08:04.803] 2020-07-21 16:08:04,803 [pool-2-thread-2] INFO  cn.pconline.pcdlc.spider.util.CACFileUtils - 写入文件耗时：93毫秒
[2020-07-21 16:08:04.803] 2020-07-21 16:08:04,803 [pool-2-thread-2] INFO  cn.pconline.pcdlc.spider.service.CACInteractService - ## buildJsonFile: 已处理的App总数:443000
[2020-07-21 16:08:05.206] 2020-07-21 16:08:05,206 [pool-2-thread-5] ERROR cn.pconline.pcdlc.spider.service.CACInteractService - ## 软件的logo编码出错, masterId:2745916 appName:写汉字笔画录
[2020-07-21 16:08:05.206] 2020-07-21 16:08:05,206 [pool-2-thread-5] ERROR cn.pconline.pcdlc.spider.service.CACInteractService - ## 软件的logo:http://img.pconline.com.cn/images/upload/upc/tx/pcdlc/2004/17/c12/203422338_1587087455783.png
[2020-07-21 16:08:15.474] 2020-07-21 16:08:15,474 [pool-2-thread-5] ERROR cn.pconline.pcdlc.spider.service.CACInteractService - ## 软件的logo编码出错, masterId:2745921 appName:玖宸科技
[2020-07-21 16:08:15.474] 2020-07-21 16:08:15,474 [pool-2-thread-5] ERROR cn.pconline.pcdlc.spider.service.CACInteractService - ## 软件的logo:http://img.pconline.com.cn/images/upload/upc/tx/pcdlc/2004/17/c12/203418792_1587086473183.jpg
[2020-07-21 16:08:23.747] 2020-07-21 16:08:23,747 [pool-2-thread-3] ERROR cn.pconline.pcdlc.spider.service.CACInteractService - ## 软件的logo编码出错, masterId:2738850 appName:芭比公主装饰苹果手机
[2020-07-21 16:08:23.747] 2020-07-21 16:08:23,747 [pool-2-thread-3] ERROR cn.pconline.pcdlc.spider.service.CACInteractService - ## 软件的logo:http://img.pconline.com.cn/images/upload/upc/tx/pcdlc/2003/30/c10/199949547_1585532995119.png
[2020-07-21 16:08:56.046] 2020-07-21 16:08:56,046 [pool-2-thread-3] ERROR cn.pconline.pcdlc.spider.service.CACInteractService - ## 软件的logo编码出错, masterId:2740389 appName:皇家娱乐
[2020-07-21 16:08:56.046] 2020-07-21 16:08:56,046 [pool-2-thread-3] ERROR cn.pconline.pcdlc.spider.service.CACInteractService - ## 软件的logo:http://img.pconline.com.cn/images/upload/upc/tx/pcdlc/2004/01/c6/200383572_1585707879581.png
[2020-07-21 16:09:04.211] 2020-07-21 16:09:04,211 [pool-2-thread-4] ERROR cn.pconline.pcdlc.spider.service.CACInteractService - ## 软件的logo编码出错, masterId:2743547 appName:丽多彩
[2020-07-21 16:09:04.211] 2020-07-21 16:09:04,211 [pool-2-thread-4] ERROR cn.pconline.pcdlc.spider.service.CACInteractService - ## 软件的logo:http://img.pconline.com.cn/images/upload/upc/tx/pcdlc/2004/07/c4/201600670_1586214358412.png
[2020-07-21 16:09:12.144] 2020-07-21 16:09:12,144 [pool-2-thread-3] ERROR cn.pconline.pcdlc.spider.service.CACInteractService - ## 软件的logo编码出错, masterId:2740432 appName:换脸器真正化妆2017
[2020-07-21 16:09:12.144] 2020-07-21 16:09:12,144 [pool-2-thread-3] ERROR cn.pconline.pcdlc.spider.service.CACInteractService - ## 软件的logo:http://img.pconline.com.cn/images/upload/upc/tx/pcdlc/2004/01/c4/200369329_1585704198292.png
[2020-07-21 16:09:14.243] 2020-07-21 16:09:14,243 [pool-2-thread-4] ERROR cn.pconline.pcdlc.spider.service.CACInteractService - ## 软件的logo编码出错, masterId:2743549 appName:龙江记者
[2020-07-21 16:09:14.243] 2020-07-21 16:09:14,243 [pool-2-thread-4] ERROR cn.pconline.pcdlc.spider.service.CACInteractService - ## 软件的logo:http://img.pconline.com.cn/images/upload/upc/tx/pcdlc/2004/07/c4/201600559_1586214268774.png
[2020-07-21 16:09:14.421] 2020-07-21 16:09:14,421 [pool-2-thread-3] INFO  cn.pconline.pcdlc.spider.util.CACFileUtils - 写入文件耗时：238毫秒
[2020-07-21 16:09:14.421] 2020-07-21 16:09:14,421 [pool-2-thread-3] INFO  cn.pconline.pcdlc.spider.service.CACInteractService - ## buildJsonFile: 已处理的App总数:440000
[2020-07-21 16:09:17.483] 2020-07-21 16:09:17,483 [pool-2-thread-3] ERROR com.alibaba.druid.filter.stat.StatFilter - slow sql 3061 millis.  SELECT fm.dl_master_id FROM dl_master_info mi, dl_front_master fm WHERE  fm.dl_master_id=mi.dl_master_id   AND fm.dl_channel_id = 1481 AND fm.`status` = 1  AND fm.skip_top = 0  AND mi.closed = 0   ORDER BY fm.dl_master_id   LIMIT 446000,1000[]
[2020-07-21 16:09:19.777] 2020-07-21 16:09:19,777 [pool-2-thread-5] ERROR cn.pconline.pcdlc.spider.service.CACInteractService - ## 软件的logo编码出错, masterId:2746390 appName:樱桃湾之夏
[2020-07-21 16:09:19.777] 2020-07-21 16:09:19,777 [pool-2-thread-5] ERROR cn.pconline.pcdlc.spider.service.CACInteractService - ## 软件的logo:http://img.pconline.com.cn/images/upload/upc/tx/pcdlc/1902/06/c15/131220057_1549401304702.pn
[2020-07-21 16:09:27.377] 2020-07-21 16:09:27,377 [pool-2-thread-1] INFO  cn.pconline.pcdlc.spider.util.CACFileUtils - 写入文件耗时：129毫秒
[2020-07-21 16:09:27.377] 2020-07-21 16:09:27,377 [pool-2-thread-1] INFO  cn.pconline.pcdlc.spider.service.CACInteractService - ## buildJsonFile: 已处理的App总数:445000
[2020-07-21 16:09:40.766] 2020-07-21 16:09:40,766 [pool-2-thread-3] ERROR cn.pconline.pcdlc.spider.service.CACInteractService - ## 软件的logo编码出错, masterId:2753500 appName:找茬益智
[2020-07-21 16:09:40.766] 2020-07-21 16:09:40,766 [pool-2-thread-3] ERROR cn.pconline.pcdlc.spider.service.CACInteractService - ## 软件的logo:http://img.pconline.com.cn/images/upload/upc/tx/pcdlc/2004/29/c5/205501409_1588119967762.png
[2020-07-21 16:09:51.365] 2020-07-21 16:09:51,365 [pool-2-thread-2] INFO  cn.pconline.pcdlc.spider.util.CACFileUtils - 写入文件耗时：142毫秒
[2020-07-21 16:09:51.366] 2020-07-21 16:09:51,366 [pool-2-thread-2] INFO  cn.pconline.pcdlc.spider.service.CACInteractService - ## buildJsonFile: 已处理的App总数:446000
[2020-07-21 16:10:02.612] 2020-07-21 16:10:02,612 [pool-2-thread-4] ERROR cn.pconline.pcdlc.spider.service.CACInteractService - ## 软件的logo编码出错, masterId:2745079 appName:国学链
[2020-07-21 16:10:02.612] 2020-07-21 16:10:02,612 [pool-2-thread-4] ERROR cn.pconline.pcdlc.spider.service.CACInteractService - ## 软件的logo:http://img.pconline.com.cn/images/upload/upc/tx/pcdlc/2004/15/c10/203056227_1586911437023.png
[2020-07-21 16:10:03.959] 2020-07-21 16:10:03,959 [pool-2-thread-3] ERROR cn.pconline.pcdlc.spider.service.CACInteractService - ## 软件的logo编码出错, masterId:2755438 appName:广州龙狮俱乐部
[2020-07-21 16:10:03.959] 2020-07-21 16:10:03,959 [pool-2-thread-3] ERROR cn.pconline.pcdlc.spider.service.CACInteractService - ## 软件的logo:http://img.pconline.com.cn/images/upload/upc/tx/pcdlc/2004/27/c7/205132008_1587946359998.png
[2020-07-21 16:10:15.755] 2020-07-21 16:10:15,755 [pool-2-thread-5] ERROR cn.pconline.pcdlc.spider.service.CACInteractService - ## 软件的logo编码出错, masterId:2746798 appName:返利锦囊
[2020-07-21 16:10:15.755] 2020-07-21 16:10:15,755 [pool-2-thread-5] ERROR cn.pconline.pcdlc.spider.service.CACInteractService - ## 软件的logo:http://img.pconline.com.cn/images/upload/upc/tx/pcdlc/2004/21/c0/204077562_1587421228938.png
[2020-07-21 16:10:17.343] 2020-07-21 16:10:17,343 [pool-2-thread-3] ERROR cn.pconline.pcdlc.spider.service.CACInteractService - ## 软件的logo编码出错, masterId:2755564 appName:宝贝爱弹琴
[2020-07-21 16:10:17.343] 2020-07-21 16:10:17,343 [pool-2-thread-3] ERROR cn.pconline.pcdlc.spider.service.CACInteractService - ## 软件的logo:http://img.pconline.com.cn/images/upload/upc/tx/pcdlc/2004/26/c4/204947623_1587853746713.png
[2020-07-21 16:10:23.365] 2020-07-21 16:10:23,365 [pool-2-thread-4] ERROR cn.pconline.pcdlc.spider.service.CACInteractService - ## 软件的logo编码出错, masterId:2745230 appName:高校女傲娇模拟器
[2020-07-21 16:10:23.365] 2020-07-21 16:10:23,365 [pool-2-thread-4] ERROR cn.pconline.pcdlc.spider.service.CACInteractService - ## 软件的logo:http://img.pconline.com.cn/images/upload/upc/tx/pcdlc/2004/14/c14/202903336_1586829461484.png
[2020-07-21 16:10:29.048] 2020-07-21 16:10:29,048 [pool-2-thread-5] ERROR cn.pconline.pcdlc.spider.service.CACInteractService - ## 软件的logo编码出错, masterId:2746829 appName:林定z
[2020-07-21 16:10:29.048] 2020-07-21 16:10:29,048 [pool-2-thread-5] ERROR cn.pconline.pcdlc.spider.service.CACInteractService - ## 软件的logo:http://img.pconline.com.cn/images/upload/upc/tx/pcdlc/2004/20/c2/203903824_1587340912645.jpg
[2020-07-21 16:10:34.376] 2020-07-21 16:10:34,376 [pool-2-thread-3] ERROR cn.pconline.pcdlc.spider.service.CACInteractService - ## 软件的logo编码出错, masterId:2755749 appName:盼答
[2020-07-21 16:10:34.376] 2020-07-21 16:10:34,376 [pool-2-thread-3] ERROR cn.pconline.pcdlc.spider.service.CACInteractService - ## 软件的logo:http://img.pconline.com.cn/images/upload/upc/tx/pcdlc/2004/25/c5/204784649_1587767827021.png
[2020-07-21 16:10:37.555] 2020-07-21 16:10:37,555 [pool-2-thread-4] ERROR cn.pconline.pcdlc.spider.service.CACInteractService - ## 软件的logo编码出错, masterId:2745263 appName:血月之城
[2020-07-21 16:10:37.556] 2020-07-21 16:10:37,556 [pool-2-thread-4] ERROR cn.pconline.pcdlc.spider.service.CACInteractService - ## 软件的logo:http://img.pconline.com.cn/images/upload/upc/tx/pcdlc/2004/14/c11/202886872_1586824839685.png
[2020-07-21 16:10:39.056] 2020-07-21 16:10:39,056 [pool-2-thread-5] ERROR cn.pconline.pcdlc.spider.service.CACInteractService - ## 软件的logo编码出错, masterId:2746830 appName:硕绎通
[2020-07-21 16:10:39.057] 2020-07-21 16:10:39,056 [pool-2-thread-5] ERROR cn.pconline.pcdlc.spider.service.CACInteractService - ## 软件的logo:http://img.pconline.com.cn/images/upload/upc/tx/pcdlc/2007/03/c4/218045473_1593737713960.png
[2020-07-21 16:10:44.191] 2020-07-21 16:10:44,191 [pool-2-thread-4] INFO  cn.pconline.pcdlc.spider.util.CACFileUtils - 写入文件耗时：497毫秒
[2020-07-21 16:10:44.191] 2020-07-21 16:10:44,191 [pool-2-thread-4] INFO  cn.pconline.pcdlc.spider.service.CACInteractService - ## buildJsonFile: 已处理的App总数:441000
[2020-07-21 16:10:59.438] 2020-07-21 16:10:59,438 [pool-2-thread-4] ERROR cn.pconline.pcdlc.spider.service.CACInteractService - ## 软件的logo编码出错, masterId:2762447 appName:金慧艾医药网平台
[2020-07-21 16:10:59.438] 2020-07-21 16:10:59,438 [pool-2-thread-4] ERROR cn.pconline.pcdlc.spider.service.CACInteractService - ## 软件的logo:http://img.pconline.com.cn/images/upload/upc/tx/pcdlc/2005/11/c2/207488982_1589149613959.jpg
[2020-07-21 16:11:02.218] 2020-07-21 16:11:02,218 [pool-2-thread-3] ERROR cn.pconline.pcdlc.spider.service.CACInteractService - ## 软件的logo编码出错, masterId:2756042 appName:点点露营大冒险
[2020-07-21 16:11:02.218] 2020-07-21 16:11:02,218 [pool-2-thread-3] ERROR cn.pconline.pcdlc.spider.service.CACInteractService - ## 软件的logo:http://img.pconline.com.cn/images/upload/upc/tx/pcdlc/2004/24/c7/204609278_1587685383484.png
[2020-07-21 16:11:09.376] 2020-07-21 16:11:09,376 [pool-2-thread-5] INFO  cn.pconline.pcdlc.spider.util.CACFileUtils - 写入文件耗时：344毫秒
[2020-07-21 16:11:09.376] 2020-07-21 16:11:09,376 [pool-2-thread-5] INFO  cn.pconline.pcdlc.spider.service.CACInteractService - ## buildJsonFile: 已处理的App总数:442000
[2020-07-21 16:11:12.585] 2020-07-21 16:11:12,585 [pool-2-thread-3] ERROR cn.pconline.pcdlc.spider.service.CACInteractService - ## 软件的logo编码出错, masterId:2756044 appName:超级点球
[2020-07-21 16:11:12.585] 2020-07-21 16:11:12,585 [pool-2-thread-3] ERROR cn.pconline.pcdlc.spider.service.CACInteractService - ## 软件的logo:http://img.pconline.com.cn/images/upload/upc/tx/pcdlc/2004/24/c7/204608615_1587685029698.png
[2020-07-21 16:11:16.615] 2020-07-21 16:11:16,615 [pool-2-thread-1] INFO  cn.pconline.pcdlc.spider.util.CACFileUtils - 写入文件耗时：121毫秒
[2020-07-21 16:11:16.616] 2020-07-21 16:11:16,616 [pool-2-thread-1] INFO  cn.pconline.pcdlc.spider.service.CACInteractService - ## buildJsonFile: 已处理的App总数:448000
[2020-07-21 16:11:22.600] 2020-07-21 16:11:22,600 [pool-2-thread-3] ERROR cn.pconline.pcdlc.spider.service.CACInteractService - ## 软件的logo编码出错, masterId:2756046 appName:空中王牌争霸
[2020-07-21 16:11:22.600] 2020-07-21 16:11:22,600 [pool-2-thread-3] ERROR cn.pconline.pcdlc.spider.service.CACInteractService - ## 软件的logo:http://img.pconline.com.cn/images/upload/upc/tx/pcdlc/2004/24/c7/204608138_1587684955484.png
[2020-07-21 16:11:32.851] 2020-07-21 16:11:32,851 [pool-2-thread-3] ERROR cn.pconline.pcdlc.spider.service.CACInteractService - ## 软件的logo编码出错, masterId:2756061 appName:期货行情宝资讯
[2020-07-21 16:11:32.851] 2020-07-21 16:11:32,851 [pool-2-thread-3] ERROR cn.pconline.pcdlc.spider.service.CACInteractService - ## 软件的logo:http://img.pconline.com.cn/images/upload/upc/tx/pcdlc/2004/24/c7/204606930_1587684275355.png
[2020-07-21 16:11:35.254] 2020-07-21 16:11:35,254 [pool-2-thread-1] ERROR cn.pconline.pcdlc.spider.service.CACInteractService - ## 软件的logo编码出错, masterId:2790513 appName:今聊
[2020-07-21 16:11:35.254] 2020-07-21 16:11:35,254 [pool-2-thread-1] ERROR cn.pconline.pcdlc.spider.service.CACInteractService - ## 软件的logo:http://img.pconline.com.cn/images/upload/upc/tx/pcdlc/2006/03/c7/211848671_1591143795356.png
[2020-07-21 16:11:43.138] 2020-07-21 16:11:43,138 [pool-2-thread-2] ERROR cn.pconline.pcdlc.spider.service.CACInteractService - ## 软件的logo编码出错, masterId:2761842 appName:僵尸捕手
[2020-07-21 16:11:43.138] 2020-07-21 16:11:43,138 [pool-2-thread-2] ERROR cn.pconline.pcdlc.spider.service.CACInteractService - ## 软件的logo:http://img.pconline.com.cn/images/upload/upc/tx/pcdlc/2005/09/c10/207173773_1588984184611.png
[2020-07-21 16:11:50.507] 2020-07-21 16:11:50,507 [pool-2-thread-2] INFO  cn.pconline.pcdlc.spider.util.CACFileUtils - 写入文件耗时：132毫秒
[2020-07-21 16:11:50.507] 2020-07-21 16:11:50,507 [pool-2-thread-2] INFO  cn.pconline.pcdlc.spider.service.CACInteractService - ## buildJsonFile: 已处理的App总数:449000
[2020-07-21 16:11:50.511] 2020-07-21 16:11:50,511 [pool-2-thread-1] ERROR cn.pconline.pcdlc.spider.service.CACInteractService - ## 软件的logo编码出错, masterId:2791413 appName:Y70s 新功能演示
[2020-07-21 16:11:50.511] 2020-07-21 16:11:50,511 [pool-2-thread-1] ERROR cn.pconline.pcdlc.spider.service.CACInteractService - ## 软件的logo:http://img.pconline.com.cn/images/upload/upc/tx/pcdlc/2006/06/c6/212694994_1591400800748.png
[2020-07-21 16:12:07.219] 2020-07-21 16:12:07,219 [pool-2-thread-1] ERROR cn.pconline.pcdlc.spider.service.CACInteractService - ## 软件的logo编码出错, masterId:2791540 appName:狗叫猫叫动物叫声
[2020-07-21 16:12:07.219] 2020-07-21 16:12:07,219 [pool-2-thread-1] ERROR cn.pconline.pcdlc.spider.service.CACInteractService - ## 软件的logo:http://img.pconline.com.cn/images/upload/upc/tx/pcdlc/2006/06/c9/212712678_1591406232451.png
[2020-07-21 16:12:17.291] 2020-07-21 16:12:17,291 [pool-2-thread-5] ERROR cn.pconline.pcdlc.spider.service.CACInteractService - ## 软件的logo编码出错, masterId:2775865 appName:乐山同城会
[2020-07-21 16:12:17.291] 2020-07-21 16:12:17,291 [pool-2-thread-5] ERROR cn.pconline.pcdlc.spider.service.CACInteractService - ## 软件的logo:http://img.pconline.com.cn/images/upload/upc/tx/pcdlc/2005/24/c5/209835579_1590276667784.jpg
[2020-07-21 16:12:44.486] 2020-07-21 16:12:44,486 [pool-2-thread-3] ERROR cn.pconline.pcdlc.spider.service.CACInteractService - ## 软件的logo编码出错, masterId:2756895 appName:勇士托尼
[2020-07-21 16:12:44.486] 2020-07-21 16:12:44,486 [pool-2-thread-3] ERROR cn.pconline.pcdlc.spider.service.CACInteractService - ## 软件的logo:http://img.pconline.com.cn/images/upload/upc/tx/pcdlc/2004/29/c5/205494610_1588117849370.png
[2020-07-21 16:12:49.034] 2020-07-21 16:12:49,033 [pool-2-thread-4] INFO  cn.pconline.pcdlc.spider.util.CACFileUtils - 写入文件耗时：75毫秒
[2020-07-21 16:12:49.034] 2020-07-21 16:12:49,034 [pool-2-thread-4] INFO  cn.pconline.pcdlc.spider.service.CACInteractService - ## buildJsonFile: 已处理的App总数:450000
[2020-07-21 16:12:51.240] 2020-07-21 16:12:51,240 [pool-2-thread-1] ERROR cn.pconline.pcdlc.spider.service.CACInteractService - ## 软件的logo编码出错, masterId:2797907 appName:公主舞会
[2020-07-21 16:12:51.240] 2020-07-21 16:12:51,240 [pool-2-thread-1] ERROR cn.pconline.pcdlc.spider.service.CACInteractService - ## 软件的logo:http://img.pconline.com.cn/images/upload/upc/tx/pcdlc/2006/15/c5/214499920_1592176901393.png
[2020-07-21 16:12:53.754] 2020-07-21 16:12:53,754 [pool-2-thread-3] INFO  cn.pconline.pcdlc.spider.util.CACFileUtils - 写入文件耗时：192毫秒
[2020-07-21 16:12:53.754] 2020-07-21 16:12:53,754 [pool-2-thread-3] INFO  cn.pconline.pcdlc.spider.service.CACInteractService - ## buildJsonFile: 已处理的App总数:447000
[2020-07-21 16:13:04.211] 2020-07-21 16:13:04,211 [pool-2-thread-1] INFO  cn.pconline.pcdlc.spider.util.CACFileUtils - 写入文件耗时：71毫秒
[2020-07-21 16:13:04.211] 2020-07-21 16:13:04,211 [pool-2-thread-1] INFO  cn.pconline.pcdlc.spider.service.CACInteractService - ## buildJsonFile: 已处理的App总数:452000
[2020-07-21 16:13:08.474] 2020-07-21 16:13:08,474 [pool-2-thread-5] INFO  cn.pconline.pcdlc.spider.util.CACFileUtils - 写入文件耗时：129毫秒
[2020-07-21 16:13:08.474] 2020-07-21 16:13:08,474 [pool-2-thread-5] INFO  cn.pconline.pcdlc.spider.service.CACInteractService - ## buildJsonFile: 已处理的App总数:451000
